<?xml version="1.0" encoding="UTF-8"?>
<!-- Generated by org.testng.reporters.JUnitXMLReporter -->
<testsuite ignored="0" hostname="DESKTOP-0GJM9JF" failures="0" tests="5" name="Smoke Testing" time="0.057" errors="0" timestamp="2024-02-08T14:30:04 IST">
  <testcase classname="packagTest.Class5" name="method5" time="0.006"/>
  <testcase classname="packagTest.Class3" name="method3" time="0.002"/>
  <testcase classname="packagTest.Class4" name="method4" time="0.001"/>
  <testcase classname="packagTest.Class2" name="method2" time="0.002"/>
  <testcase classname="packagTest.TestNGClass1" name="method1" time="0.003"/>
</testsuite> <!-- Smoke Testing -->
