<?xml version="1.0" encoding="UTF-8"?>
<testng-results ignored="0" total="1" passed="1" failed="0" skipped="0">
  <reporter-output>
  </reporter-output>
  <suite started-at="2024-02-24T13:01:29 IST" name="Default suite" finished-at="2024-02-24T13:01:47 IST" duration-ms="18142">
    <groups>
    </groups>
    <test started-at="2024-02-24T13:01:29 IST" name="Default test" finished-at="2024-02-24T13:01:47 IST" duration-ms="18142">
      <class name="packagTest.AssertProgram1">
        <test-method signature="amazon()[pri:0, instance:packagTest.AssertProgram1@7ce3cb8e]" started-at="2024-02-24T13:01:29 IST" name="amazon" finished-at="2024-02-24T13:01:47 IST" duration-ms="18091" status="PASS">
          <reporter-output>
          </reporter-output>
        </test-method> <!-- amazon -->
      </class> <!-- packagTest.AssertProgram1 -->
    </test> <!-- Default test -->
  </suite> <!-- Default suite -->
</testng-results>
