<?xml version="1.0" encoding="UTF-8"?>
<!-- Generated by org.testng.reporters.JUnitXMLReporter -->
<testsuite ignored="0" hostname="DESKTOP-0GJM9JF" failures="1" tests="1" name="Testname" time="6.831" errors="0" timestamp="2024-02-15T21:06:53 IST">
  <testcase classname="testngscenarios.AmazonTestNGScenarios" name="@AfterMethod quit" time="0.002">
    <failure type="java.lang.NullPointerException" message="Cannot invoke &amp;quot;org.openqa.selenium.edge.EdgeDriver.close()&amp;quot; because &amp;quot;this.driver&amp;quot; is null">
      <![CDATA[java.lang.NullPointerException: Cannot invoke "org.openqa.selenium.edge.EdgeDriver.close()" because "this.driver" is null
at testngscenarios.AmazonTestNGScenarios.quit(AmazonTestNGScenarios.java:25)
at java.base/java.util.ArrayList.forEach(ArrayList.java:1511)
... Removed 32 stack frames]]>
    </failure>
  </testcase> <!-- @AfterMethod quit -->
  <testcase classname="testngscenarios.TestScenario1" name="login" time="0.011">
    <failure type="java.lang.NullPointerException" message="Cannot invoke &amp;quot;org.openqa.selenium.edge.EdgeDriver.findElement(org.openqa.selenium.By)&amp;quot; because &amp;quot;this.driver&amp;quot; is null">
      <![CDATA[java.lang.NullPointerException: Cannot invoke "org.openqa.selenium.edge.EdgeDriver.findElement(org.openqa.selenium.By)" because "this.driver" is null
at testngscenarios.TestScenario1.login(TestScenario1.java:13)
at java.base/java.util.ArrayList.forEach(ArrayList.java:1511)
... Removed 27 stack frames]]>
    </failure>
  </testcase> <!-- login -->
</testsuite> <!-- Testname -->
