<?xml version="1.0" encoding="UTF-8"?>
<!-- Generated by org.testng.reporters.JUnitXMLReporter -->
<testsuite ignored="3" hostname="DESKTOP-0GJM9JF" failures="0" tests="2" name="Test" time="0.055" errors="0" timestamp="2024-02-19T13:36:14 IST">
  <testcase classname="packagTest.GroupingProgram" name="m2" time="0.009"/>
  <testcase classname="packagTest.GroupingProgram" name="m4" time="0.003"/>
  <testcase classname="packagTest.GroupingProgram" name="m1" time="0.0">
    <ignored/>
  </testcase> <!-- m1 -->
  <testcase classname="packagTest.GroupingProgram" name="m5" time="0.0">
    <ignored/>
  </testcase> <!-- m5 -->
  <testcase classname="packagTest.GroupingProgram" name="m3" time="0.0">
    <ignored/>
  </testcase> <!-- m3 -->
</testsuite> <!-- Test -->
